2026-03-30T10:18:15.765Z [info] HTTP request {"method":"GET","url":"/api/categories?page=1&pageSize=100","statusCode":200,"durationMs":84}
2026-03-30T10:18:15.769Z [info] HTTP request {"method":"GET","url":"/api/locations?page=1&pageSize=100","statusCode":200,"durationMs":73}
2026-03-30T10:18:15.770Z [info] HTTP request {"method":"GET","url":"/api/amenities?page=1&pageSize=100","statusCode":200,"durationMs":73}
2026-03-30T10:18:15.778Z [info] HTTP request {"method":"GET","url":"/api/categories?page=1&pageSize=100","statusCode":304,"durationMs":7}
2026-03-30T10:18:15.779Z [info] HTTP request {"method":"GET","url":"/api/locations?page=1&pageSize=100","statusCode":304,"durationMs":6}
2026-03-30T10:18:15.780Z [info] HTTP request {"method":"GET","url":"/api/amenities?page=1&pageSize=100","statusCode":304,"durationMs":5}
2026-03-30T10:18:35.699Z [info] HTTP request {"method":"GET","url":"/api/rooms?page=1&pageSize=9","statusCode":200,"durationMs":17}
2026-03-30T10:18:40.795Z [info] HTTP request {"method":"GET","url":"/api/rooms?page=1&pageSize=9&categoryId=535efc66-fc37-48d3-bac0-64bc96d98106","statusCode":200,"durationMs":6}
2026-03-30T10:19:00.653Z [info] HTTP request {"method":"GET","url":"/api/rooms?page=1&pageSize=9","statusCode":200,"durationMs":44955}
2026-03-30T10:19:29.377Z [info] HTTP request {"method":"POST","url":"/api/auth/register","statusCode":201,"durationMs":75}
2026-03-30T10:19:29.404Z [info] HTTP request {"method":"GET","url":"/api/categories?page=1&pageSize=100","statusCode":304,"durationMs":12}
2026-03-30T10:19:29.409Z [info] HTTP request {"method":"GET","url":"/api/locations?page=1&pageSize=100","statusCode":304,"durationMs":13}
2026-03-30T10:19:29.411Z [info] HTTP request {"method":"GET","url":"/api/amenities?page=1&pageSize=100","statusCode":304,"durationMs":14}
2026-03-30T10:19:29.414Z [info] HTTP request {"method":"GET","url":"/api/rooms?page=1&pageSize=9","statusCode":304,"durationMs":15}
2026-03-30T10:19:29.416Z [info] HTTP request {"method":"GET","url":"/api/categories?page=1&pageSize=100","statusCode":304,"durationMs":9}
2026-03-30T10:19:29.416Z [info] HTTP request {"method":"GET","url":"/api/locations?page=1&pageSize=100","statusCode":304,"durationMs":4}
2026-03-30T10:19:29.421Z [info] HTTP request {"method":"GET","url":"/api/amenities?page=1&pageSize=100","statusCode":304,"durationMs":6}
2026-03-30T10:19:29.423Z [info] HTTP request {"method":"GET","url":"/api/rooms?page=1&pageSize=9","statusCode":304,"durationMs":6}
2026-03-30T10:19:42.656Z [error] Unhandled error Validation error {"statusCode":400,"code":"VALIDATION_ERROR","details":[{"validation":"email","code":"invalid_string","message":"Invalid email","path":["email"]}],"stack":"Error: Validation error\n    at C:\\Users\\THphu\\Desktop\\DACK-webtimphongtro\\backend\\src\\middlewares\\validate.js:21:19\n    at Layer.handle [as handle_request] (C:\\Users\\THphu\\Desktop\\DACK-webtimphongtro\\backend\\node_modules\\express\\lib\\router\\layer.js:95:5)\n    at next (C:\\Users\\THphu\\Desktop\\DACK-webtimphongtro\\backend\\node_modules\\express\\lib\\router\\route.js:149:13)\n    at Route.dispatch (C:\\Users\\THphu\\Desktop\\DACK-webtimphongtro\\backend\\node_modules\\express\\lib\\router\\route.js:119:3)\n    at Layer.handle [as handle_request] (C:\\Users\\THphu\\Desktop\\DACK-webtimphongtro\\backend\\node_modules\\express\\lib\\router\\layer.js:95:5)\n    at C:\\Users\\THphu\\Desktop\\DACK-webtimphongtro\\backend\\node_modules\\express\\lib\\router\\index.js:284:15\n    at router.process_params (C:\\Users\\THphu\\Desktop\\DACK-webtimphongtro\\backend\\node_modules\\express\\lib\\router\\index.js:346:12)\n    at next (C:\\Users\\THphu\\Desktop\\DACK-webtimphongtro\\backend\\node_modules\\express\\lib\\router\\index.js:280:10)\n    at router.handle (C:\\Users\\THphu\\Desktop\\DACK-webtimphongtro\\backend\\node_modules\\express\\lib\\router\\index.js:175:3)\n    at router (C:\\Users\\THphu\\Desktop\\DACK-webtimphongtro\\backend\\node_modules\\express\\lib\\router\\index.js:47:12)"}
2026-03-30T10:19:42.657Z [info] HTTP request {"method":"POST","url":"/api/auth/login","statusCode":400,"durationMs":2}
2026-03-30T10:19:45.238Z [error] Unhandled error Validation error {"statusCode":400,"code":"VALIDATION_ERROR","details":[{"validation":"email","code":"invalid_string","message":"Invalid email","path":["email"]}],"stack":"Error: Validation error\n    at C:\\Users\\THphu\\Desktop\\DACK-webtimphongtro\\backend\\src\\middlewares\\validate.js:21:19\n    at Layer.handle [as handle_request] (C:\\Users\\THphu\\Desktop\\DACK-webtimphongtro\\backend\\node_modules\\express\\lib\\router\\layer.js:95:5)\n    at next (C:\\Users\\THphu\\Desktop\\DACK-webtimphongtro\\backend\\node_modules\\express\\lib\\router\\route.js:149:13)\n    at Route.dispatch (C:\\Users\\THphu\\Desktop\\DACK-webtimphongtro\\backend\\node_modules\\express\\lib\\router\\route.js:119:3)\n    at Layer.handle [as handle_request] (C:\\Users\\THphu\\Desktop\\DACK-webtimphongtro\\backend\\node_modules\\express\\lib\\router\\layer.js:95:5)\n    at C:\\Users\\THphu\\Desktop\\DACK-webtimphongtro\\backend\\node_modules\\express\\lib\\router\\index.js:284:15\n    at router.process_params (C:\\Users\\THphu\\Desktop\\DACK-webtimphongtro\\backend\\node_modules\\express\\lib\\router\\index.js:346:12)\n    at next (C:\\Users\\THphu\\Desktop\\DACK-webtimphongtro\\backend\\node_modules\\express\\lib\\router\\index.js:280:10)\n    at router.handle (C:\\Users\\THphu\\Desktop\\DACK-webtimphongtro\\backend\\node_modules\\express\\lib\\router\\index.js:175:3)\n    at router (C:\\Users\\THphu\\Desktop\\DACK-webtimphongtro\\backend\\node_modules\\express\\lib\\router\\index.js:47:12)"}
2026-03-30T10:19:45.238Z [info] HTTP request {"method":"POST","url":"/api/auth/login","statusCode":400,"durationMs":1}
2026-03-30T10:19:52.996Z [error] Unhandled error Validation error {"statusCode":400,"code":"VALIDATION_ERROR","details":[{"validation":"email","code":"invalid_string","message":"Invalid email","path":["email"]}],"stack":"Error: Validation error\n    at C:\\Users\\THphu\\Desktop\\DACK-webtimphongtro\\backend\\src\\middlewares\\validate.js:21:19\n    at Layer.handle [as handle_request] (C:\\Users\\THphu\\Desktop\\DACK-webtimphongtro\\backend\\node_modules\\express\\lib\\router\\layer.js:95:5)\n    at next (C:\\Users\\THphu\\Desktop\\DACK-webtimphongtro\\backend\\node_modules\\express\\lib\\router\\route.js:149:13)\n    at Route.dispatch (C:\\Users\\THphu\\Desktop\\DACK-webtimphongtro\\backend\\node_modules\\express\\lib\\router\\route.js:119:3)\n    at Layer.handle [as handle_request] (C:\\Users\\THphu\\Desktop\\DACK-webtimphongtro\\backend\\node_modules\\express\\lib\\router\\layer.js:95:5)\n    at C:\\Users\\THphu\\Desktop\\DACK-webtimphongtro\\backend\\node_modules\\express\\lib\\router\\index.js:284:15\n    at router.process_params (C:\\Users\\THphu\\Desktop\\DACK-webtimphongtro\\backend\\node_modules\\express\\lib\\router\\index.js:346:12)\n    at next (C:\\Users\\THphu\\Desktop\\DACK-webtimphongtro\\backend\\node_modules\\express\\lib\\router\\index.js:280:10)\n    at router.handle (C:\\Users\\THphu\\Desktop\\DACK-webtimphongtro\\backend\\node_modules\\express\\lib\\router\\index.js:175:3)\n    at router (C:\\Users\\THphu\\Desktop\\DACK-webtimphongtro\\backend\\node_modules\\express\\lib\\router\\index.js:47:12)"}
2026-03-30T10:19:52.996Z [info] HTTP request {"method":"POST","url":"/api/auth/login","statusCode":400,"durationMs":1}
2026-03-30T10:20:33.188Z [info] HTTP request {"method":"POST","url":"/api/auth/register","statusCode":201,"durationMs":67}
2026-03-30T10:20:33.211Z [info] HTTP request {"method":"GET","url":"/api/categories?page=1&pageSize=100","statusCode":304,"durationMs":10}
2026-03-30T10:20:33.215Z [info] HTTP request {"method":"GET","url":"/api/locations?page=1&pageSize=100","statusCode":304,"durationMs":12}
2026-03-30T10:20:33.218Z [info] HTTP request {"method":"GET","url":"/api/amenities?page=1&pageSize=100","statusCode":304,"durationMs":14}
2026-03-30T10:20:33.221Z [info] HTTP request {"method":"GET","url":"/api/rooms?page=1&pageSize=9","statusCode":304,"durationMs":16}
2026-03-30T10:20:33.222Z [info] HTTP request {"method":"GET","url":"/api/categories?page=1&pageSize=100","statusCode":304,"durationMs":10}
2026-03-30T10:20:33.223Z [info] HTTP request {"method":"GET","url":"/api/locations?page=1&pageSize=100","statusCode":304,"durationMs":6}
2026-03-30T10:20:33.227Z [info] HTTP request {"method":"GET","url":"/api/amenities?page=1&pageSize=100","statusCode":304,"durationMs":8}
2026-03-30T10:20:33.229Z [info] HTTP request {"method":"GET","url":"/api/rooms?page=1&pageSize=9","statusCode":304,"durationMs":4}
2026-03-30T10:20:42.427Z [error] Unhandled error Validation error {"statusCode":400,"code":"VALIDATION_ERROR","details":[{"validation":"email","code":"invalid_string","message":"Invalid email","path":["email"]}],"stack":"Error: Validation error\n    at C:\\Users\\THphu\\Desktop\\DACK-webtimphongtro\\backend\\src\\middlewares\\validate.js:21:19\n    at Layer.handle [as handle_request] (C:\\Users\\THphu\\Desktop\\DACK-webtimphongtro\\backend\\node_modules\\express\\lib\\router\\layer.js:95:5)\n    at next (C:\\Users\\THphu\\Desktop\\DACK-webtimphongtro\\backend\\node_modules\\express\\lib\\router\\route.js:149:13)\n    at Route.dispatch (C:\\Users\\THphu\\Desktop\\DACK-webtimphongtro\\backend\\node_modules\\express\\lib\\router\\route.js:119:3)\n    at Layer.handle [as handle_request] (C:\\Users\\THphu\\Desktop\\DACK-webtimphongtro\\backend\\node_modules\\express\\lib\\router\\layer.js:95:5)\n    at C:\\Users\\THphu\\Desktop\\DACK-webtimphongtro\\backend\\node_modules\\express\\lib\\router\\index.js:284:15\n    at router.process_params (C:\\Users\\THphu\\Desktop\\DACK-webtimphongtro\\backend\\node_modules\\express\\lib\\router\\index.js:346:12)\n    at next (C:\\Users\\THphu\\Desktop\\DACK-webtimphongtro\\backend\\node_modules\\express\\lib\\router\\index.js:280:10)\n    at router.handle (C:\\Users\\THphu\\Desktop\\DACK-webtimphongtro\\backend\\node_modules\\express\\lib\\router\\index.js:175:3)\n    at router (C:\\Users\\THphu\\Desktop\\DACK-webtimphongtro\\backend\\node_modules\\express\\lib\\router\\index.js:47:12)"}
2026-03-30T10:20:42.427Z [info] HTTP request {"method":"POST","url":"/api/auth/login","statusCode":400,"durationMs":1}
2026-03-30T10:20:51.597Z [error] Unhandled error Validation error {"statusCode":400,"code":"VALIDATION_ERROR","details":[{"validation":"email","code":"invalid_string","message":"Invalid email","path":["email"]}],"stack":"Error: Validation error\n    at C:\\Users\\THphu\\Desktop\\DACK-webtimphongtro\\backend\\src\\middlewares\\validate.js:21:19\n    at Layer.handle [as handle_request] (C:\\Users\\THphu\\Desktop\\DACK-webtimphongtro\\backend\\node_modules\\express\\lib\\router\\layer.js:95:5)\n    at next (C:\\Users\\THphu\\Desktop\\DACK-webtimphongtro\\backend\\node_modules\\express\\lib\\router\\route.js:149:13)\n    at Route.dispatch (C:\\Users\\THphu\\Desktop\\DACK-webtimphongtro\\backend\\node_modules\\express\\lib\\router\\route.js:119:3)\n    at Layer.handle [as handle_request] (C:\\Users\\THphu\\Desktop\\DACK-webtimphongtro\\backend\\node_modules\\express\\lib\\router\\layer.js:95:5)\n    at C:\\Users\\THphu\\Desktop\\DACK-webtimphongtro\\backend\\node_modules\\express\\lib\\router\\index.js:284:15\n    at router.process_params (C:\\Users\\THphu\\Desktop\\DACK-webtimphongtro\\backend\\node_modules\\express\\lib\\router\\index.js:346:12)\n    at next (C:\\Users\\THphu\\Desktop\\DACK-webtimphongtro\\backend\\node_modules\\express\\lib\\router\\index.js:280:10)\n    at router.handle (C:\\Users\\THphu\\Desktop\\DACK-webtimphongtro\\backend\\node_modules\\express\\lib\\router\\index.js:175:3)\n    at router (C:\\Users\\THphu\\Desktop\\DACK-webtimphongtro\\backend\\node_modules\\express\\lib\\router\\index.js:47:12)"}
2026-03-30T10:20:51.598Z [info] HTTP request {"method":"POST","url":"/api/auth/login","statusCode":400,"durationMs":1}
2026-03-30T10:20:52.184Z [error] Unhandled error Validation error {"statusCode":400,"code":"VALIDATION_ERROR","details":[{"validation":"email","code":"invalid_string","message":"Invalid email","path":["email"]}],"stack":"Error: Validation error\n    at C:\\Users\\THphu\\Desktop\\DACK-webtimphongtro\\backend\\src\\middlewares\\validate.js:21:19\n    at Layer.handle [as handle_request] (C:\\Users\\THphu\\Desktop\\DACK-webtimphongtro\\backend\\node_modules\\express\\lib\\router\\layer.js:95:5)\n    at next (C:\\Users\\THphu\\Desktop\\DACK-webtimphongtro\\backend\\node_modules\\express\\lib\\router\\route.js:149:13)\n    at Route.dispatch (C:\\Users\\THphu\\Desktop\\DACK-webtimphongtro\\backend\\node_modules\\express\\lib\\router\\route.js:119:3)\n    at Layer.handle [as handle_request] (C:\\Users\\THphu\\Desktop\\DACK-webtimphongtro\\backend\\node_modules\\express\\lib\\router\\layer.js:95:5)\n    at C:\\Users\\THphu\\Desktop\\DACK-webtimphongtro\\backend\\node_modules\\express\\lib\\router\\index.js:284:15\n    at router.process_params (C:\\Users\\THphu\\Desktop\\DACK-webtimphongtro\\backend\\node_modules\\express\\lib\\router\\index.js:346:12)\n    at next (C:\\Users\\THphu\\Desktop\\DACK-webtimphongtro\\backend\\node_modules\\express\\lib\\router\\index.js:280:10)\n    at router.handle (C:\\Users\\THphu\\Desktop\\DACK-webtimphongtro\\backend\\node_modules\\express\\lib\\router\\index.js:175:3)\n    at router (C:\\Users\\THphu\\Desktop\\DACK-webtimphongtro\\backend\\node_modules\\express\\lib\\router\\index.js:47:12)"}
2026-03-30T10:20:52.185Z [info] HTTP request {"method":"POST","url":"/api/auth/login","statusCode":400,"durationMs":1}
2026-03-30T10:21:12.496Z [info] HTTP request {"method":"GET","url":"/api/categories?page=1&pageSize=100","statusCode":200,"durationMs":21}
2026-03-30T10:21:12.499Z [info] HTTP request {"method":"GET","url":"/api/locations?page=1&pageSize=100","statusCode":200,"durationMs":18}
2026-03-30T10:21:12.501Z [info] HTTP request {"method":"GET","url":"/api/amenities?page=1&pageSize=100","statusCode":200,"durationMs":19}
2026-03-30T10:21:12.504Z [info] HTTP request {"method":"GET","url":"/api/rooms?page=1&pageSize=9","statusCode":200,"durationMs":21}
2026-03-30T10:21:12.506Z [info] HTTP request {"method":"GET","url":"/api/categories?page=1&pageSize=100","statusCode":304,"durationMs":7}
2026-03-30T10:21:12.512Z [info] HTTP request {"method":"GET","url":"/api/locations?page=1&pageSize=100","statusCode":304,"durationMs":8}
2026-03-30T10:21:12.513Z [info] HTTP request {"method":"GET","url":"/api/amenities?page=1&pageSize=100","statusCode":304,"durationMs":6}
2026-03-30T10:21:12.517Z [info] HTTP request {"method":"GET","url":"/api/rooms?page=1&pageSize=9","statusCode":304,"durationMs":9}
2026-03-30T10:21:30.719Z [error] Unhandled error Validation error {"statusCode":400,"code":"VALIDATION_ERROR","details":[{"validation":"email","code":"invalid_string","message":"Invalid email","path":["email"]}],"stack":"Error: Validation error\n    at C:\\Users\\THphu\\Desktop\\DACK-webtimphongtro\\backend\\src\\middlewares\\validate.js:21:19\n    at Layer.handle [as handle_request] (C:\\Users\\THphu\\Desktop\\DACK-webtimphongtro\\backend\\node_modules\\express\\lib\\router\\layer.js:95:5)\n    at next (C:\\Users\\THphu\\Desktop\\DACK-webtimphongtro\\backend\\node_modules\\express\\lib\\router\\route.js:149:13)\n    at Route.dispatch (C:\\Users\\THphu\\Desktop\\DACK-webtimphongtro\\backend\\node_modules\\express\\lib\\router\\route.js:119:3)\n    at Layer.handle [as handle_request] (C:\\Users\\THphu\\Desktop\\DACK-webtimphongtro\\backend\\node_modules\\express\\lib\\router\\layer.js:95:5)\n    at C:\\Users\\THphu\\Desktop\\DACK-webtimphongtro\\backend\\node_modules\\express\\lib\\router\\index.js:284:15\n    at router.process_params (C:\\Users\\THphu\\Desktop\\DACK-webtimphongtro\\backend\\node_modules\\express\\lib\\router\\index.js:346:12)\n    at next (C:\\Users\\THphu\\Desktop\\DACK-webtimphongtro\\backend\\node_modules\\express\\lib\\router\\index.js:280:10)\n    at router.handle (C:\\Users\\THphu\\Desktop\\DACK-webtimphongtro\\backend\\node_modules\\express\\lib\\router\\index.js:175:3)\n    at router (C:\\Users\\THphu\\Desktop\\DACK-webtimphongtro\\backend\\node_modules\\express\\lib\\router\\index.js:47:12)"}
2026-03-30T10:21:30.719Z [info] HTTP request {"method":"POST","url":"/api/auth/login","statusCode":400,"durationMs":1}
2026-03-30T10:23:16.902Z [info] HTTP request {"method":"POST","url":"/api/auth/login","statusCode":200,"durationMs":83}
2026-03-30T10:23:16.966Z [info] HTTP request {"method":"GET","url":"/api/categories?page=1&pageSize=100","statusCode":304,"durationMs":23}
2026-03-30T10:23:16.973Z [info] HTTP request {"method":"GET","url":"/api/locations?page=1&pageSize=100","statusCode":304,"durationMs":27}
2026-03-30T10:23:16.975Z [info] HTTP request {"method":"GET","url":"/api/amenities?page=1&pageSize=100","statusCode":304,"durationMs":25}
2026-03-30T10:23:16.981Z [info] HTTP request {"method":"GET","url":"/api/rooms?page=1&pageSize=9","statusCode":304,"durationMs":28}
2026-03-30T10:23:16.984Z [info] HTTP request {"method":"GET","url":"/api/categories?page=1&pageSize=100","statusCode":304,"durationMs":14}
2026-03-30T10:23:16.988Z [info] HTTP request {"method":"GET","url":"/api/locations?page=1&pageSize=100","statusCode":304,"durationMs":12}
2026-03-30T10:23:16.998Z [info] HTTP request {"method":"GET","url":"/api/amenities?page=1&pageSize=100","statusCode":304,"durationMs":13}
2026-03-30T10:23:17.003Z [info] HTTP request {"method":"GET","url":"/api/rooms?page=1&pageSize=9","statusCode":304,"durationMs":14}
2026-03-30T10:27:21.862Z [info] HTTP request {"method":"GET","url":"/api/locations?page=1&pageSize=100","statusCode":304,"durationMs":50}
2026-03-30T10:27:21.865Z [info] HTTP request {"method":"GET","url":"/api/categories?page=1&pageSize=100","statusCode":304,"durationMs":59}
2026-03-30T10:27:21.866Z [info] HTTP request {"method":"GET","url":"/api/amenities?page=1&pageSize=100","statusCode":304,"durationMs":51}
2026-03-30T10:27:21.874Z [info] HTTP request {"method":"GET","url":"/api/rooms?page=1&pageSize=9","statusCode":304,"durationMs":56}
2026-03-30T10:27:21.875Z [info] HTTP request {"method":"GET","url":"/api/locations?page=1&pageSize=100","statusCode":304,"durationMs":8}
2026-03-30T10:27:21.876Z [info] HTTP request {"method":"GET","url":"/api/categories?page=1&pageSize=100","statusCode":304,"durationMs":7}
2026-03-30T10:27:21.882Z [info] HTTP request {"method":"GET","url":"/api/amenities?page=1&pageSize=100","statusCode":304,"durationMs":11}
2026-03-30T10:27:21.886Z [info] HTTP request {"method":"GET","url":"/api/rooms?page=1&pageSize=9","statusCode":304,"durationMs":9}
2026-03-30T10:27:30.181Z [info] HTTP request {"method":"GET","url":"/api/rooms?page=1&pageSize=9&categoryId=ce944cb5-ec7b-49ad-993f-4362904839ea","statusCode":200,"durationMs":6}
2026-03-30T10:27:34.297Z [info] HTTP request {"method":"GET","url":"/api/rooms?page=1&pageSize=9&categoryId=535efc66-fc37-48d3-bac0-64bc96d98106","statusCode":200,"durationMs":5}
2026-03-30T10:27:35.897Z [info] HTTP request {"method":"GET","url":"/api/rooms?page=1&pageSize=9&categoryId=535efc66-fc37-48d3-bac0-64bc96d98106&amenityIds=47a86626-1cd0-43d5-b906-e8ecf00b2a6b","statusCode":200,"durationMs":9}
2026-03-30T10:27:39.379Z [info] HTTP request {"method":"GET","url":"/api/rooms?page=1&pageSize=9&categoryId=535efc66-fc37-48d3-bac0-64bc96d98106&amenityIds=47a86626-1cd0-43d5-b906-e8ecf00b2a6b,657e229a-e3d8-4ef3-bf08-93b5dc429cf9","statusCode":200,"durationMs":7}
2026-03-30T10:27:42.775Z [info] HTTP request {"method":"GET","url":"/api/rooms/2908e551-57b3-4391-92cf-d69d6244cbe7","statusCode":200,"durationMs":9}
2026-03-30T10:27:42.788Z [info] HTTP request {"method":"GET","url":"/api/rooms/2908e551-57b3-4391-92cf-d69d6244cbe7","statusCode":304,"durationMs":11}
2026-03-30T10:27:42.792Z [info] HTTP request {"method":"GET","url":"/api/favorites?page=1&pageSize=50","statusCode":200,"durationMs":12}
2026-03-30T10:27:42.799Z [info] HTTP request {"method":"GET","url":"/api/favorites?page=1&pageSize=50","statusCode":304,"durationMs":5}
2026-03-30T10:27:50.938Z [info] HTTP request {"method":"GET","url":"/api/categories?page=1&pageSize=100","statusCode":304,"durationMs":10}
2026-03-30T10:27:50.942Z [info] HTTP request {"method":"GET","url":"/api/locations?page=1&pageSize=100","statusCode":304,"durationMs":13}
2026-03-30T10:27:50.947Z [info] HTTP request {"method":"GET","url":"/api/amenities?page=1&pageSize=100","statusCode":304,"durationMs":15}
2026-03-30T10:27:50.950Z [info] HTTP request {"method":"GET","url":"/api/rooms?page=1&pageSize=9","statusCode":304,"durationMs":15}
2026-03-30T10:27:50.952Z [info] HTTP request {"method":"GET","url":"/api/categories?page=1&pageSize=100","statusCode":304,"durationMs":8}
2026-03-30T10:27:50.958Z [info] HTTP request {"method":"GET","url":"/api/locations?page=1&pageSize=100","statusCode":304,"durationMs":11}
2026-03-30T10:27:50.960Z [info] HTTP request {"method":"GET","url":"/api/amenities?page=1&pageSize=100","statusCode":304,"durationMs":6}
2026-03-30T10:27:50.964Z [info] HTTP request {"method":"GET","url":"/api/rooms?page=1&pageSize=9","statusCode":304,"durationMs":9}
2026-03-30T10:27:53.394Z [info] HTTP request {"method":"GET","url":"/api/favorites?page=1&pageSize=6","statusCode":200,"durationMs":6}
2026-03-30T10:27:53.400Z [info] HTTP request {"method":"GET","url":"/api/favorites?page=1&pageSize=6","statusCode":304,"durationMs":5}
2026-03-30T10:27:56.243Z [info] HTTP request {"method":"DELETE","url":"/api/favorites/0b8d818c-e865-4dfe-8e55-65b18eaca6e3","statusCode":200,"durationMs":18}
2026-03-30T10:27:56.249Z [info] HTTP request {"method":"GET","url":"/api/favorites?page=1&pageSize=6","statusCode":200,"durationMs":4}
2026-03-30T10:27:57.130Z [info] HTTP request {"method":"GET","url":"/api/categories?page=1&pageSize=100","statusCode":304,"durationMs":8}
2026-03-30T10:27:57.131Z [info] HTTP request {"method":"GET","url":"/api/locations?page=1&pageSize=100","statusCode":304,"durationMs":8}
2026-03-30T10:27:57.133Z [info] HTTP request {"method":"GET","url":"/api/amenities?page=1&pageSize=100","statusCode":304,"durationMs":8}
2026-03-30T10:27:57.136Z [info] HTTP request {"method":"GET","url":"/api/rooms?page=1&pageSize=9","statusCode":304,"durationMs":10}
2026-03-30T10:27:57.140Z [info] HTTP request {"method":"GET","url":"/api/categories?page=1&pageSize=100","statusCode":304,"durationMs":6}
2026-03-30T10:27:57.144Z [info] HTTP request {"method":"GET","url":"/api/locations?page=1&pageSize=100","statusCode":304,"durationMs":7}
2026-03-30T10:27:57.145Z [info] HTTP request {"method":"GET","url":"/api/amenities?page=1&pageSize=100","statusCode":304,"durationMs":7}
2026-03-30T10:27:57.147Z [info] HTTP request {"method":"GET","url":"/api/rooms?page=1&pageSize=9","statusCode":304,"durationMs":6}
2026-03-30T10:27:59.193Z [info] HTTP request {"method":"GET","url":"/api/rooms/2908e551-57b3-4391-92cf-d69d6244cbe7","statusCode":304,"durationMs":6}
2026-03-30T10:27:59.201Z [info] HTTP request {"method":"GET","url":"/api/rooms/2908e551-57b3-4391-92cf-d69d6244cbe7","statusCode":304,"durationMs":7}
2026-03-30T10:27:59.202Z [info] HTTP request {"method":"GET","url":"/api/favorites?page=1&pageSize=50","statusCode":200,"durationMs":5}
2026-03-30T10:27:59.207Z [info] HTTP request {"method":"GET","url":"/api/favorites?page=1&pageSize=50","statusCode":304,"durationMs":4}
2026-03-30T10:28:05.225Z [info] HTTP request {"method":"GET","url":"/api/categories?page=1&pageSize=100","statusCode":304,"durationMs":8}
2026-03-30T10:28:05.226Z [info] HTTP request {"method":"GET","url":"/api/amenities?page=1&pageSize=100","statusCode":304,"durationMs":7}
2026-03-30T10:28:05.229Z [info] HTTP request {"method":"GET","url":"/api/rooms?page=1&pageSize=9","statusCode":304,"durationMs":9}
2026-03-30T10:28:05.232Z [info] HTTP request {"method":"GET","url":"/api/locations?page=1&pageSize=100","statusCode":304,"durationMs":8}
2026-03-30T10:28:05.238Z [info] HTTP request {"method":"GET","url":"/api/categories?page=1&pageSize=100","statusCode":304,"durationMs":8}
2026-03-30T10:28:05.240Z [info] HTTP request {"method":"GET","url":"/api/amenities?page=1&pageSize=100","statusCode":304,"durationMs":8}
2026-03-30T10:28:05.243Z [info] HTTP request {"method":"GET","url":"/api/rooms?page=1&pageSize=9","statusCode":304,"durationMs":9}
2026-03-30T10:28:05.245Z [info] HTTP request {"method":"GET","url":"/api/locations?page=1&pageSize=100","statusCode":304,"durationMs":6}
2026-03-30T10:28:07.428Z [info] HTTP request {"method":"GET","url":"/api/reports?page=1&pageSize=6","statusCode":200,"durationMs":8}
2026-03-30T10:28:07.437Z [info] HTTP request {"method":"GET","url":"/api/reports?page=1&pageSize=6","statusCode":304,"durationMs":7}
2026-03-30T10:28:15.572Z [info] HTTP request {"method":"GET","url":"/api/bookings?page=1&pageSize=6","statusCode":200,"durationMs":8}
2026-03-30T10:28:15.577Z [info] HTTP request {"method":"GET","url":"/api/bookings?page=1&pageSize=6","statusCode":304,"durationMs":4}
2026-03-30T10:36:16.868Z [info] HTTP request {"method":"GET","url":"/api/bookings?page=1&pageSize=6","statusCode":200,"durationMs":99}
2026-03-30T10:36:16.882Z [info] HTTP request {"method":"GET","url":"/api/bookings?page=1&pageSize=6","statusCode":304,"durationMs":9}
2026-03-30T10:36:19.504Z [info] HTTP request {"method":"GET","url":"/api/categories?page=1&pageSize=100","statusCode":200,"durationMs":51}
2026-03-30T10:36:19.518Z [info] HTTP request {"method":"GET","url":"/api/locations?page=1&pageSize=100","statusCode":200,"durationMs":61}
2026-03-30T10:36:19.525Z [info] HTTP request {"method":"GET","url":"/api/amenities?page=1&pageSize=100","statusCode":200,"durationMs":66}
2026-03-30T10:36:19.529Z [info] HTTP request {"method":"GET","url":"/api/categories?page=1&pageSize=100","statusCode":304,"durationMs":10}
2026-03-30T10:36:19.534Z [info] HTTP request {"method":"GET","url":"/api/locations?page=1&pageSize=100","statusCode":304,"durationMs":8}
2026-03-30T10:36:19.536Z [info] HTTP request {"method":"GET","url":"/api/amenities?page=1&pageSize=100","statusCode":304,"durationMs":5}
2026-03-30T10:36:23.956Z [info] HTTP request {"method":"GET","url":"/api/categories?page=1&pageSize=100","statusCode":304,"durationMs":10}
2026-03-30T10:36:23.960Z [info] HTTP request {"method":"GET","url":"/api/locations?page=1&pageSize=100","statusCode":304,"durationMs":14}
2026-03-30T10:36:23.966Z [info] HTTP request {"method":"GET","url":"/api/amenities?page=1&pageSize=100","statusCode":304,"durationMs":14}
2026-03-30T10:36:23.982Z [info] HTTP request {"method":"GET","url":"/api/categories?page=1&pageSize=100","statusCode":304,"durationMs":20}
2026-03-30T10:36:23.986Z [info] HTTP request {"method":"GET","url":"/api/locations?page=1&pageSize=100","statusCode":304,"durationMs":6}
2026-03-30T10:36:23.987Z [info] HTTP request {"method":"GET","url":"/api/amenities?page=1&pageSize=100","statusCode":304,"durationMs":5}
2026-03-30T10:36:23.996Z [info] HTTP request {"method":"GET","url":"/api/rooms?page=1&pageSize=9","statusCode":200,"durationMs":48}
2026-03-30T10:36:24.033Z [info] HTTP request {"method":"GET","url":"/api/rooms?page=1&pageSize=9","statusCode":304,"durationMs":36}
2026-03-30T10:36:35.720Z [info] HTTP request {"method":"GET","url":"/api/rooms?page=1&pageSize=9&amenityIds=ca9ccc6e-06e7-4fb8-88e5-cd1e1064592b","statusCode":200,"durationMs":23}
2026-03-30T10:36:37.308Z [info] HTTP request {"method":"GET","url":"/api/rooms?page=1&pageSize=9","statusCode":304,"durationMs":35}
2026-03-30T10:36:38.792Z [info] HTTP request {"method":"GET","url":"/api/rooms?page=1&pageSize=9&amenityIds=d3384c79-86af-4f2b-8d75-66e407d5feb1","statusCode":200,"durationMs":9}
2026-03-30T10:36:39.790Z [info] HTTP request {"method":"GET","url":"/api/rooms?page=1&pageSize=9&amenityIds=d3384c79-86af-4f2b-8d75-66e407d5feb1,496500b3-95b4-4663-8e11-02c9955c98c8","statusCode":200,"durationMs":10}
2026-03-30T10:36:40.695Z [info] HTTP request {"method":"GET","url":"/api/rooms?page=1&pageSize=9&amenityIds=d3384c79-86af-4f2b-8d75-66e407d5feb1,496500b3-95b4-4663-8e11-02c9955c98c8,42b0cd2f-5e0a-4c4a-adfc-af0d1847e9f4","statusCode":200,"durationMs":12}
2026-03-30T10:36:41.094Z [info] HTTP request {"method":"GET","url":"/api/rooms?page=1&pageSize=9&amenityIds=d3384c79-86af-4f2b-8d75-66e407d5feb1,496500b3-95b4-4663-8e11-02c9955c98c8,42b0cd2f-5e0a-4c4a-adfc-af0d1847e9f4,230ebd80-87b0-4e51-9195-45cb285201c1","statusCode":200,"durationMs":14}
2026-03-30T10:36:44.331Z [info] HTTP request {"method":"GET","url":"/api/rooms?page=1&pageSize=9&amenityIds=d3384c79-86af-4f2b-8d75-66e407d5feb1,496500b3-95b4-4663-8e11-02c9955c98c8,42b0cd2f-5e0a-4c4a-adfc-af0d1847e9f4,230ebd80-87b0-4e51-9195-45cb285201c1,53e90eb7-3806-4858-8c86-7379f7a946fe","statusCode":200,"durationMs":16}
2026-03-30T10:36:46.443Z [info] HTTP request {"method":"GET","url":"/api/rooms?page=1&pageSize=9&amenityIds=d3384c79-86af-4f2b-8d75-66e407d5feb1,496500b3-95b4-4663-8e11-02c9955c98c8,42b0cd2f-5e0a-4c4a-adfc-af0d1847e9f4,230ebd80-87b0-4e51-9195-45cb285201c1","statusCode":304,"durationMs":14}
2026-03-30T10:36:48.684Z [info] HTTP request {"method":"GET","url":"/api/rooms?page=1&pageSize=9&amenityIds=d3384c79-86af-4f2b-8d75-66e407d5feb1,496500b3-95b4-4663-8e11-02c9955c98c8,42b0cd2f-5e0a-4c4a-adfc-af0d1847e9f4,230ebd80-87b0-4e51-9195-45cb285201c1,722ab06c-072d-4323-ada6-998a8812548e","statusCode":200,"durationMs":16}
2026-03-30T10:36:50.481Z [info] HTTP request {"method":"GET","url":"/api/rooms?page=1&pageSize=9&amenityIds=d3384c79-86af-4f2b-8d75-66e407d5feb1,496500b3-95b4-4663-8e11-02c9955c98c8,42b0cd2f-5e0a-4c4a-adfc-af0d1847e9f4,230ebd80-87b0-4e51-9195-45cb285201c1,722ab06c-072d-4323-ada6-998a8812548e,0a0009ba-b498-410b-80de-bb805fc58d6d","statusCode":200,"durationMs":18}
2026-03-30T10:36:50.774Z [info] HTTP request {"method":"GET","url":"/api/rooms?page=1&pageSize=9&amenityIds=d3384c79-86af-4f2b-8d75-66e407d5feb1,496500b3-95b4-4663-8e11-02c9955c98c8,42b0cd2f-5e0a-4c4a-adfc-af0d1847e9f4,230ebd80-87b0-4e51-9195-45cb285201c1,722ab06c-072d-4323-ada6-998a8812548e,0a0009ba-b498-410b-80de-bb805fc58d6d,b0b84eae-6373-4c08-88b3-febae7b9bea6","statusCode":200,"durationMs":19}
2026-03-30T10:36:51.038Z [info] HTTP request {"method":"GET","url":"/api/rooms?page=1&pageSize=9&amenityIds=d3384c79-86af-4f2b-8d75-66e407d5feb1,496500b3-95b4-4663-8e11-02c9955c98c8,42b0cd2f-5e0a-4c4a-adfc-af0d1847e9f4,230ebd80-87b0-4e51-9195-45cb285201c1,722ab06c-072d-4323-ada6-998a8812548e,0a0009ba-b498-410b-80de-bb805fc58d6d,b0b84eae-6373-4c08-88b3-febae7b9bea6,bf964b93-8a5a-47f0-9327-50e6caf0f754","statusCode":200,"durationMs":18}
2026-03-30T10:36:55.389Z [info] HTTP request {"method":"GET","url":"/api/rooms?page=1&pageSize=9&amenityIds=d3384c79-86af-4f2b-8d75-66e407d5feb1,496500b3-95b4-4663-8e11-02c9955c98c8,42b0cd2f-5e0a-4c4a-adfc-af0d1847e9f4,230ebd80-87b0-4e51-9195-45cb285201c1,722ab06c-072d-4323-ada6-998a8812548e,0a0009ba-b498-410b-80de-bb805fc58d6d,b0b84eae-6373-4c08-88b3-febae7b9bea6,bf964b93-8a5a-47f0-9327-50e6caf0f754,f6823882-d3d1-4fd8-a9c6-e4d4ef76c720","statusCode":200,"durationMs":22}
2026-03-30T10:36:57.126Z [info] HTTP request {"method":"GET","url":"/api/rooms?page=1&pageSize=9&amenityIds=d3384c79-86af-4f2b-8d75-66e407d5feb1,496500b3-95b4-4663-8e11-02c9955c98c8,42b0cd2f-5e0a-4c4a-adfc-af0d1847e9f4,230ebd80-87b0-4e51-9195-45cb285201c1,722ab06c-072d-4323-ada6-998a8812548e,0a0009ba-b498-410b-80de-bb805fc58d6d,b0b84eae-6373-4c08-88b3-febae7b9bea6,bf964b93-8a5a-47f0-9327-50e6caf0f754,f6823882-d3d1-4fd8-a9c6-e4d4ef76c720,fe9dd3ca-d2d2-4682-abc0-879451ba1509","statusCode":200,"durationMs":24}
2026-03-30T10:36:59.720Z [info] HTTP request {"method":"GET","url":"/api/rooms?page=1&pageSize=9&amenityIds=d3384c79-86af-4f2b-8d75-66e407d5feb1,496500b3-95b4-4663-8e11-02c9955c98c8,42b0cd2f-5e0a-4c4a-adfc-af0d1847e9f4,230ebd80-87b0-4e51-9195-45cb285201c1,722ab06c-072d-4323-ada6-998a8812548e,0a0009ba-b498-410b-80de-bb805fc58d6d,b0b84eae-6373-4c08-88b3-febae7b9bea6,bf964b93-8a5a-47f0-9327-50e6caf0f754,f6823882-d3d1-4fd8-a9c6-e4d4ef76c720","statusCode":304,"durationMs":22}
2026-03-30T10:36:59.994Z [info] HTTP request {"method":"GET","url":"/api/rooms?page=1&pageSize=9&amenityIds=d3384c79-86af-4f2b-8d75-66e407d5feb1,496500b3-95b4-4663-8e11-02c9955c98c8,42b0cd2f-5e0a-4c4a-adfc-af0d1847e9f4,230ebd80-87b0-4e51-9195-45cb285201c1,0a0009ba-b498-410b-80de-bb805fc58d6d,b0b84eae-6373-4c08-88b3-febae7b9bea6,bf964b93-8a5a-47f0-9327-50e6caf0f754,f6823882-d3d1-4fd8-a9c6-e4d4ef76c720","statusCode":200,"durationMs":20}
2026-03-30T10:37:00.306Z [info] HTTP request {"method":"GET","url":"/api/rooms?page=1&pageSize=9&amenityIds=d3384c79-86af-4f2b-8d75-66e407d5feb1,496500b3-95b4-4663-8e11-02c9955c98c8,42b0cd2f-5e0a-4c4a-adfc-af0d1847e9f4,230ebd80-87b0-4e51-9195-45cb285201c1,0a0009ba-b498-410b-80de-bb805fc58d6d,b0b84eae-6373-4c08-88b3-febae7b9bea6,bf964b93-8a5a-47f0-9327-50e6caf0f754","statusCode":200,"durationMs":17}
2026-03-30T10:37:00.617Z [info] HTTP request {"method":"GET","url":"/api/rooms?page=1&pageSize=9&amenityIds=496500b3-95b4-4663-8e11-02c9955c98c8,42b0cd2f-5e0a-4c4a-adfc-af0d1847e9f4,230ebd80-87b0-4e51-9195-45cb285201c1,0a0009ba-b498-410b-80de-bb805fc58d6d,b0b84eae-6373-4c08-88b3-febae7b9bea6,bf964b93-8a5a-47f0-9327-50e6caf0f754","statusCode":200,"durationMs":17}
2026-03-30T10:37:00.935Z [info] HTTP request {"method":"GET","url":"/api/rooms?page=1&pageSize=9&amenityIds=42b0cd2f-5e0a-4c4a-adfc-af0d1847e9f4,230ebd80-87b0-4e51-9195-45cb285201c1,0a0009ba-b498-410b-80de-bb805fc58d6d,b0b84eae-6373-4c08-88b3-febae7b9bea6,bf964b93-8a5a-47f0-9327-50e6caf0f754","statusCode":200,"durationMs":15}
2026-03-30T10:37:01.438Z [info] HTTP request {"method":"GET","url":"/api/rooms?page=1&pageSize=9&amenityIds=42b0cd2f-5e0a-4c4a-adfc-af0d1847e9f4,230ebd80-87b0-4e51-9195-45cb285201c1,0a0009ba-b498-410b-80de-bb805fc58d6d,b0b84eae-6373-4c08-88b3-febae7b9bea6","statusCode":200,"durationMs":16}
2026-03-30T10:37:01.735Z [info] HTTP request {"method":"GET","url":"/api/rooms?page=1&pageSize=9&amenityIds=230ebd80-87b0-4e51-9195-45cb285201c1,0a0009ba-b498-410b-80de-bb805fc58d6d,b0b84eae-6373-4c08-88b3-febae7b9bea6","statusCode":200,"durationMs":11}
2026-03-30T10:37:02.138Z [info] HTTP request {"method":"GET","url":"/api/rooms?page=1&pageSize=9&amenityIds=0a0009ba-b498-410b-80de-bb805fc58d6d,b0b84eae-6373-4c08-88b3-febae7b9bea6","statusCode":200,"durationMs":10}
2026-03-30T10:37:02.512Z [info] HTTP request {"method":"GET","url":"/api/rooms?page=1&pageSize=9&amenityIds=b0b84eae-6373-4c08-88b3-febae7b9bea6","statusCode":200,"durationMs":9}
2026-03-30T10:37:05.019Z [info] HTTP request {"method":"GET","url":"/api/rooms?page=1&pageSize=9","statusCode":304,"durationMs":34}
2026-03-30T10:37:11.029Z [info] HTTP request {"method":"GET","url":"/api/rooms?page=1&pageSize=9&amenityIds=722ab06c-072d-4323-ada6-998a8812548e","statusCode":200,"durationMs":9}
2026-03-30T10:37:11.349Z [info] HTTP request {"method":"GET","url":"/api/rooms?page=1&pageSize=9&amenityIds=722ab06c-072d-4323-ada6-998a8812548e,5743c709-a45d-4432-a946-5a0bbea80936","statusCode":200,"durationMs":11}
2026-03-30T10:37:13.179Z [info] HTTP request {"method":"GET","url":"/api/rooms?page=1&pageSize=9&amenityIds=722ab06c-072d-4323-ada6-998a8812548e","statusCode":304,"durationMs":12}
2026-03-30T10:37:14.144Z [info] HTTP request {"method":"GET","url":"/api/rooms?page=1&pageSize=9","statusCode":304,"durationMs":34}
2026-03-30T10:37:14.570Z [info] HTTP request {"method":"GET","url":"/api/rooms?page=1&pageSize=9&amenityIds=722ab06c-072d-4323-ada6-998a8812548e","statusCode":304,"durationMs":9}
2026-03-30T10:37:15.332Z [info] HTTP request {"method":"GET","url":"/api/rooms?page=1&pageSize=9&amenityIds=722ab06c-072d-4323-ada6-998a8812548e,5743c709-a45d-4432-a946-5a0bbea80936","statusCode":304,"durationMs":11}
2026-03-30T10:37:16.560Z [info] HTTP request {"method":"GET","url":"/api/rooms?page=1&pageSize=9&amenityIds=722ab06c-072d-4323-ada6-998a8812548e,5743c709-a45d-4432-a946-5a0bbea80936,53e90eb7-3806-4858-8c86-7379f7a946fe","statusCode":200,"durationMs":12}
2026-03-30T10:37:17.575Z [info] HTTP request {"method":"GET","url":"/api/rooms?page=1&pageSize=9&amenityIds=722ab06c-072d-4323-ada6-998a8812548e,5743c709-a45d-4432-a946-5a0bbea80936,53e90eb7-3806-4858-8c86-7379f7a946fe,496500b3-95b4-4663-8e11-02c9955c98c8","statusCode":200,"durationMs":14}
2026-03-30T10:37:18.198Z [info] HTTP request {"method":"GET","url":"/api/rooms?page=1&pageSize=9&amenityIds=722ab06c-072d-4323-ada6-998a8812548e,5743c709-a45d-4432-a946-5a0bbea80936,53e90eb7-3806-4858-8c86-7379f7a946fe,496500b3-95b4-4663-8e11-02c9955c98c8,42b0cd2f-5e0a-4c4a-adfc-af0d1847e9f4","statusCode":200,"durationMs":15}
2026-03-30T10:37:19.201Z [info] HTTP request {"method":"GET","url":"/api/rooms?page=1&pageSize=9&amenityIds=722ab06c-072d-4323-ada6-998a8812548e,5743c709-a45d-4432-a946-5a0bbea80936,53e90eb7-3806-4858-8c86-7379f7a946fe,496500b3-95b4-4663-8e11-02c9955c98c8","statusCode":304,"durationMs":14}
2026-03-30T10:37:19.488Z [info] HTTP request {"method":"GET","url":"/api/rooms?page=1&pageSize=9&amenityIds=722ab06c-072d-4323-ada6-998a8812548e,5743c709-a45d-4432-a946-5a0bbea80936,53e90eb7-3806-4858-8c86-7379f7a946fe","statusCode":304,"durationMs":11}
2026-03-30T10:37:19.744Z [info] HTTP request {"method":"GET","url":"/api/rooms?page=1&pageSize=9&amenityIds=722ab06c-072d-4323-ada6-998a8812548e,5743c709-a45d-4432-a946-5a0bbea80936","statusCode":304,"durationMs":10}
2026-03-30T10:37:19.983Z [info] HTTP request {"method":"GET","url":"/api/rooms?page=1&pageSize=9&amenityIds=722ab06c-072d-4323-ada6-998a8812548e","statusCode":304,"durationMs":8}
2026-03-30T10:37:20.221Z [info] HTTP request {"method":"GET","url":"/api/rooms?page=1&pageSize=9","statusCode":304,"durationMs":34}
2026-03-30T10:37:21.386Z [info] HTTP request {"method":"GET","url":"/api/rooms?page=1&pageSize=9&amenityIds=722ab06c-072d-4323-ada6-998a8812548e","statusCode":304,"durationMs":8}
2026-03-30T10:37:21.655Z [info] HTTP request {"method":"GET","url":"/api/rooms?page=1&pageSize=9&amenityIds=722ab06c-072d-4323-ada6-998a8812548e,5743c709-a45d-4432-a946-5a0bbea80936","statusCode":304,"durationMs":11}
2026-03-30T10:37:22.106Z [info] HTTP request {"method":"GET","url":"/api/rooms?page=1&pageSize=9&amenityIds=722ab06c-072d-4323-ada6-998a8812548e,5743c709-a45d-4432-a946-5a0bbea80936,53e90eb7-3806-4858-8c86-7379f7a946fe","statusCode":304,"durationMs":11}
2026-03-30T10:37:22.558Z [info] HTTP request {"method":"GET","url":"/api/rooms?page=1&pageSize=9&amenityIds=722ab06c-072d-4323-ada6-998a8812548e,5743c709-a45d-4432-a946-5a0bbea80936,53e90eb7-3806-4858-8c86-7379f7a946fe,496500b3-95b4-4663-8e11-02c9955c98c8","statusCode":304,"durationMs":15}
2026-03-30T10:37:26.309Z [info] HTTP request {"method":"GET","url":"/api/rooms?page=1&pageSize=9&amenityIds=722ab06c-072d-4323-ada6-998a8812548e,5743c709-a45d-4432-a946-5a0bbea80936,53e90eb7-3806-4858-8c86-7379f7a946fe","statusCode":304,"durationMs":12}
2026-03-30T10:37:26.566Z [info] HTTP request {"method":"GET","url":"/api/rooms?page=1&pageSize=9&amenityIds=722ab06c-072d-4323-ada6-998a8812548e,5743c709-a45d-4432-a946-5a0bbea80936","statusCode":304,"durationMs":12}
2026-03-30T10:37:26.816Z [info] HTTP request {"method":"GET","url":"/api/rooms?page=1&pageSize=9&amenityIds=722ab06c-072d-4323-ada6-998a8812548e","statusCode":304,"durationMs":9}
2026-03-30T10:37:27.052Z [info] HTTP request {"method":"GET","url":"/api/rooms?page=1&pageSize=9","statusCode":304,"durationMs":35}
2026-03-30T10:37:30.325Z [info] HTTP request {"method":"GET","url":"/api/rooms?page=1&pageSize=9&amenityIds=722ab06c-072d-4323-ada6-998a8812548e","statusCode":304,"durationMs":9}
2026-03-30T10:37:30.624Z [info] HTTP request {"method":"GET","url":"/api/rooms?page=1&pageSize=9&amenityIds=722ab06c-072d-4323-ada6-998a8812548e,5743c709-a45d-4432-a946-5a0bbea80936","statusCode":304,"durationMs":11}
2026-03-30T10:37:31.185Z [info] HTTP request {"method":"GET","url":"/api/rooms?page=1&pageSize=9&amenityIds=722ab06c-072d-4323-ada6-998a8812548e,5743c709-a45d-4432-a946-5a0bbea80936,53e90eb7-3806-4858-8c86-7379f7a946fe","statusCode":304,"durationMs":12}
2026-03-30T10:37:34.200Z [info] HTTP request {"method":"GET","url":"/api/rooms?page=1&pageSize=9&amenityIds=722ab06c-072d-4323-ada6-998a8812548e,5743c709-a45d-4432-a946-5a0bbea80936,53e90eb7-3806-4858-8c86-7379f7a946fe,496500b3-95b4-4663-8e11-02c9955c98c8","statusCode":304,"durationMs":14}
2026-03-30T10:37:35.014Z [info] HTTP request {"method":"GET","url":"/api/rooms?page=1&pageSize=9&amenityIds=722ab06c-072d-4323-ada6-998a8812548e,5743c709-a45d-4432-a946-5a0bbea80936,53e90eb7-3806-4858-8c86-7379f7a946fe,496500b3-95b4-4663-8e11-02c9955c98c8,42b0cd2f-5e0a-4c4a-adfc-af0d1847e9f4","statusCode":304,"durationMs":16}
2026-03-30T10:37:50.289Z [info] HTTP request {"method":"GET","url":"/api/rooms?page=1&pageSize=9&amenityIds=722ab06c-072d-4323-ada6-998a8812548e,5743c709-a45d-4432-a946-5a0bbea80936,53e90eb7-3806-4858-8c86-7379f7a946fe,496500b3-95b4-4663-8e11-02c9955c98c8","statusCode":304,"durationMs":31}
2026-03-30T10:37:50.548Z [info] HTTP request {"method":"GET","url":"/api/rooms?page=1&pageSize=9&amenityIds=722ab06c-072d-4323-ada6-998a8812548e,5743c709-a45d-4432-a946-5a0bbea80936,53e90eb7-3806-4858-8c86-7379f7a946fe","statusCode":304,"durationMs":14}
2026-03-30T10:37:50.816Z [info] HTTP request {"method":"GET","url":"/api/rooms?page=1&pageSize=9&amenityIds=722ab06c-072d-4323-ada6-998a8812548e,5743c709-a45d-4432-a946-5a0bbea80936","statusCode":304,"durationMs":11}
2026-03-30T10:37:51.067Z [info] HTTP request {"method":"GET","url":"/api/rooms?page=1&pageSize=9&amenityIds=722ab06c-072d-4323-ada6-998a8812548e","statusCode":304,"durationMs":9}
2026-03-30T10:37:51.316Z [info] HTTP request {"method":"GET","url":"/api/rooms?page=1&pageSize=9","statusCode":304,"durationMs":36}
2026-03-30T10:39:48.643Z [info] HTTP request {"method":"GET","url":"/api/categories?page=1&pageSize=100","statusCode":304,"durationMs":116}
2026-03-30T10:39:48.648Z [info] HTTP request {"method":"GET","url":"/api/amenities?page=1&pageSize=100","statusCode":304,"durationMs":102}
2026-03-30T10:39:48.652Z [info] HTTP request {"method":"GET","url":"/api/locations?page=1&pageSize=100","statusCode":304,"durationMs":104}
2026-03-30T10:39:48.662Z [info] HTTP request {"method":"GET","url":"/api/categories?page=1&pageSize=100","statusCode":304,"durationMs":10}
2026-03-30T10:39:48.665Z [info] HTTP request {"method":"GET","url":"/api/amenities?page=1&pageSize=100","statusCode":304,"durationMs":9}
2026-03-30T10:39:48.669Z [info] HTTP request {"method":"GET","url":"/api/locations?page=1&pageSize=100","statusCode":304,"durationMs":11}
2026-03-30T10:39:50.550Z [info] HTTP request {"method":"GET","url":"/api/rooms?page=1&pageSize=9&amenityIds=fe9dd3ca-d2d2-4682-abc0-879451ba1509","statusCode":200,"durationMs":34}
2026-03-30T10:39:53.315Z [info] HTTP request {"method":"GET","url":"/api/rooms?page=1&pageSize=9&amenityIds=fe9dd3ca-d2d2-4682-abc0-879451ba1509,f6823882-d3d1-4fd8-a9c6-e4d4ef76c720","statusCode":200,"durationMs":19}
2026-03-30T10:39:54.235Z [info] HTTP request {"method":"GET","url":"/api/rooms?page=1&pageSize=9&amenityIds=fe9dd3ca-d2d2-4682-abc0-879451ba1509,f6823882-d3d1-4fd8-a9c6-e4d4ef76c720,d3384c79-86af-4f2b-8d75-66e407d5feb1","statusCode":200,"durationMs":14}
2026-03-30T10:39:55.058Z [info] HTTP request {"method":"GET","url":"/api/rooms?page=1&pageSize=9&amenityIds=fe9dd3ca-d2d2-4682-abc0-879451ba1509,f6823882-d3d1-4fd8-a9c6-e4d4ef76c720,d3384c79-86af-4f2b-8d75-66e407d5feb1,c672805e-b80c-4855-ac2a-a2a6d738984e","statusCode":200,"durationMs":6}
2026-03-30T10:39:56.191Z [info] HTTP request {"method":"GET","url":"/api/rooms?page=1&pageSize=9&amenityIds=fe9dd3ca-d2d2-4682-abc0-879451ba1509,f6823882-d3d1-4fd8-a9c6-e4d4ef76c720,d3384c79-86af-4f2b-8d75-66e407d5feb1","statusCode":304,"durationMs":14}
2026-03-30T10:39:58.490Z [info] HTTP request {"method":"GET","url":"/api/rooms?page=1&pageSize=9&amenityIds=fe9dd3ca-d2d2-4682-abc0-879451ba1509,f6823882-d3d1-4fd8-a9c6-e4d4ef76c720","statusCode":304,"durationMs":12}
2026-03-30T10:39:58.732Z [info] HTTP request {"method":"GET","url":"/api/rooms?page=1&pageSize=9&amenityIds=fe9dd3ca-d2d2-4682-abc0-879451ba1509","statusCode":304,"durationMs":14}
2026-03-30T10:40:08.562Z [info] HTTP request {"method":"GET","url":"/api/rooms?page=1&pageSize=9","statusCode":200,"durationMs":34}
2026-03-30T10:40:18.995Z [info] HTTP request {"method":"GET","url":"/api/rooms?page=1&pageSize=9","statusCode":200,"durationMs":46}
2026-03-30T10:40:20.018Z [info] HTTP request {"method":"GET","url":"/api/reports?page=1&pageSize=6","statusCode":200,"durationMs":12}
2026-03-30T10:40:20.027Z [info] HTTP request {"method":"GET","url":"/api/reports?page=1&pageSize=6","statusCode":304,"durationMs":6}
2026-03-30T10:40:28.982Z [info] HTTP request {"method":"GET","url":"/api/rooms/ac986750-c077-43ef-bd00-aa090674d1e1","statusCode":200,"durationMs":22}
2026-03-30T10:40:28.999Z [info] HTTP request {"method":"GET","url":"/api/rooms/ac986750-c077-43ef-bd00-aa090674d1e1","statusCode":304,"durationMs":16}
2026-03-30T10:40:29.025Z [info] HTTP request {"method":"GET","url":"/api/favorites?page=1&pageSize=50","statusCode":200,"durationMs":25}
2026-03-30T10:40:29.059Z [info] HTTP request {"method":"GET","url":"/api/favorites?page=1&pageSize=50","statusCode":304,"durationMs":33}
2026-03-30T10:40:31.563Z [info] HTTP request {"method":"GET","url":"/api/reports?page=1&pageSize=6","statusCode":304,"durationMs":5}
2026-03-30T10:40:31.568Z [info] HTTP request {"method":"GET","url":"/api/reports?page=1&pageSize=6","statusCode":304,"durationMs":3}
2026-03-30T10:40:33.546Z [info] HTTP request {"method":"GET","url":"/api/rooms?page=1&pageSize=9","statusCode":304,"durationMs":44997}
2026-03-30T10:40:38.489Z [info] HTTP request {"method":"GET","url":"/api/bookings?page=1&pageSize=6","statusCode":304,"durationMs":8}
2026-03-30T10:40:38.496Z [info] HTTP request {"method":"GET","url":"/api/bookings?page=1&pageSize=6","statusCode":304,"durationMs":5}
2026-03-30T10:40:39.467Z [info] HTTP request {"method":"GET","url":"/api/categories?page=1&pageSize=100","statusCode":304,"durationMs":10}
2026-03-30T10:40:39.474Z [info] HTTP request {"method":"GET","url":"/api/locations?page=1&pageSize=100","statusCode":304,"durationMs":15}
2026-03-30T10:40:39.480Z [info] HTTP request {"method":"GET","url":"/api/amenities?page=1&pageSize=100","statusCode":304,"durationMs":16}
2026-03-30T10:40:39.497Z [info] HTTP request {"method":"GET","url":"/api/categories?page=1&pageSize=100","statusCode":304,"durationMs":23}
2026-03-30T10:40:39.498Z [info] HTTP request {"method":"GET","url":"/api/locations?page=1&pageSize=100","statusCode":304,"durationMs":17}
2026-03-30T10:40:39.499Z [info] HTTP request {"method":"GET","url":"/api/amenities?page=1&pageSize=100","statusCode":304,"durationMs":15}
2026-03-30T10:40:39.511Z [info] HTTP request {"method":"GET","url":"/api/rooms?page=1&pageSize=9","statusCode":304,"durationMs":41}
2026-03-30T10:40:39.549Z [info] HTTP request {"method":"GET","url":"/api/rooms?page=1&pageSize=9","statusCode":304,"durationMs":37}
2026-03-30T10:40:40.107Z [info] HTTP request {"method":"GET","url":"/api/reports?page=1&pageSize=6","statusCode":304,"durationMs":4}
2026-03-30T10:40:40.112Z [info] HTTP request {"method":"GET","url":"/api/reports?page=1&pageSize=6","statusCode":304,"durationMs":3}
2026-03-30T10:40:40.887Z [info] HTTP request {"method":"GET","url":"/api/categories?page=1&pageSize=100","statusCode":304,"durationMs":9}
2026-03-30T10:40:40.888Z [info] HTTP request {"method":"GET","url":"/api/locations?page=1&pageSize=100","statusCode":304,"durationMs":8}
2026-03-30T10:40:40.889Z [info] HTTP request {"method":"GET","url":"/api/amenities?page=1&pageSize=100","statusCode":304,"durationMs":7}
2026-03-30T10:40:40.901Z [info] HTTP request {"method":"GET","url":"/api/categories?page=1&pageSize=100","statusCode":304,"durationMs":12}
2026-03-30T10:40:40.903Z [info] HTTP request {"method":"GET","url":"/api/locations?page=1&pageSize=100","statusCode":304,"durationMs":11}
2026-03-30T10:40:40.903Z [info] HTTP request {"method":"GET","url":"/api/amenities?page=1&pageSize=100","statusCode":304,"durationMs":10}
2026-03-30T10:40:40.921Z [info] HTTP request {"method":"GET","url":"/api/rooms?page=1&pageSize=9","statusCode":304,"durationMs":37}
2026-03-30T10:40:40.959Z [info] HTTP request {"method":"GET","url":"/api/rooms?page=1&pageSize=9","statusCode":304,"durationMs":37}
2026-03-30T10:40:42.311Z [info] HTTP request {"method":"GET","url":"/api/categories?page=1&pageSize=100","statusCode":304,"durationMs":4}
2026-03-30T10:40:42.313Z [info] HTTP request {"method":"GET","url":"/api/locations?page=1&pageSize=100","statusCode":304,"durationMs":5}
2026-03-30T10:40:42.314Z [info] HTTP request {"method":"GET","url":"/api/amenities?page=1&pageSize=100","statusCode":304,"durationMs":4}
2026-03-30T10:40:42.321Z [info] HTTP request {"method":"GET","url":"/api/categories?page=1&pageSize=100","statusCode":304,"durationMs":6}
2026-03-30T10:40:42.323Z [info] HTTP request {"method":"GET","url":"/api/locations?page=1&pageSize=100","statusCode":304,"durationMs":7}
2026-03-30T10:40:42.325Z [info] HTTP request {"method":"GET","url":"/api/amenities?page=1&pageSize=100","statusCode":304,"durationMs":8}
2026-03-30T10:40:52.390Z [info] HTTP request {"method":"GET","url":"/api/categories?page=1&pageSize=100","statusCode":304,"durationMs":5}
2026-03-30T10:40:52.391Z [info] HTTP request {"method":"GET","url":"/api/locations?page=1&pageSize=100","statusCode":304,"durationMs":4}
2026-03-30T10:40:52.393Z [info] HTTP request {"method":"GET","url":"/api/amenities?page=1&pageSize=100","statusCode":304,"durationMs":5}
2026-03-30T10:40:52.401Z [info] HTTP request {"method":"GET","url":"/api/categories?page=1&pageSize=100","statusCode":304,"durationMs":7}
2026-03-30T10:40:52.402Z [info] HTTP request {"method":"GET","url":"/api/locations?page=1&pageSize=100","statusCode":304,"durationMs":6}
2026-03-30T10:40:52.405Z [info] HTTP request {"method":"GET","url":"/api/amenities?page=1&pageSize=100","statusCode":304,"durationMs":8}
2026-03-30T10:40:52.439Z [info] HTTP request {"method":"GET","url":"/api/rooms?page=1&pageSize=30","statusCode":200,"durationMs":37}
2026-03-30T10:40:52.475Z [info] HTTP request {"method":"GET","url":"/api/rooms?page=1&pageSize=30","statusCode":304,"durationMs":35}
